SQL (0.1ms)  SET client_min_messages TO 'panic'
SQL (0.1ms)  SET client_min_messages TO 'notice'
SQL (0.5ms)  SELECT version FROM schema_migrations
Migrating to CreateTestTable (1)
Migrating to CreateUserTable (2)
Migrating to CreateSongsTable (3)
Migrating to CreateJamsTable (4)
Migrating to CreateJamArtistsTable (5)
Migrating to CreateSongJamsTable (6)
Migrating to CreateFollowersTable (7)
Migrating to AddRegisteredUserIdToSongTable (8)
Migrating to AddRegisteredUserIdToJamTable (9)
Migrating to AddDescriptionViewsToJamSongTable (10)
Migrating to AddFileHandleToJamTable (11)
Migrating to CreateSongManagersTable (12)
Migrating to CreatePublishedJamsTable (13)
Migrating to AddActiveForSongJamsTable (14)
Migrating to AddFileHandleForSongsTable (15)
Migrating to CreateJamAndSongLikesTable (16)
Migrating to CreateCommentsTable (17)
Migrating to CreateMessageStreamTables (18)
Migrating to CreateSongLyricsTable (19)
Migrating to CreateProcessInfoTable (20)
Migrating to CreateFeedsAndUserFeedsTables (21)
Migrating to CreateGenresAndUserGenresTables (22)
SQL (0.1ms)  BEGIN
SQL (21.1ms)  CREATE TABLE "genres" ("id" serial primary key, "name" character varying(255)) 
SQL (13.2ms)  CREATE TABLE "user_genres" ("id" serial primary key, "user_id" integer, "genre_id" integer) 
SQL (4.1ms)  CREATE TABLE "jam_genres" ("id" serial primary key, "jam_id" integer, "genre_id" integer) 
SQL (3.5ms)  CREATE TABLE "song_genres" ("id" serial primary key, "song_id" integer, "genre_id" integer) 
SQL (0.4ms)  INSERT INTO schema_migrations (version) VALUES ('22')
SQL (1.3ms)  COMMIT
